\BOOKMARK [0][-]{section*.2}{Indice}{}% 1
\BOOKMARK [0][-]{chapter*.3}{Introduzione}{}% 2
\BOOKMARK [0][-]{chapter.1}{Bitcoin \046 Blockchain}{}% 3
\BOOKMARK [1][-]{section.1.1}{Cosa sono i Bitcoin?}{chapter.1}% 4
\BOOKMARK [2][-]{subsection.1.1.1}{Bitcoin: Panoramica}{section.1.1}% 5
\BOOKMARK [1][-]{section.1.2}{Cos'\350 la Blockchain?}{chapter.1}% 6
\BOOKMARK [2][-]{subsection.1.2.1}{Mining}{section.1.2}% 7
\BOOKMARK [2][-]{subsection.1.2.2}{Consenso Decentralizzato}{section.1.2}% 8
\BOOKMARK [2][-]{subsection.1.2.3}{Blockchain Forks}{section.1.2}% 9
\BOOKMARK [2][-]{subsection.1.2.4}{Merkle Tree}{section.1.2}% 10
\BOOKMARK [1][-]{section.1.3}{Le Transazioni}{chapter.1}% 11
\BOOKMARK [2][-]{subsection.1.3.1}{Transaction Mining}{section.1.3}% 12
\BOOKMARK [2][-]{subsection.1.3.2}{Forma Comune delle Transazioni}{section.1.3}% 13
\BOOKMARK [2][-]{subsection.1.3.3}{Struttura di una Transazione}{section.1.3}% 14
\BOOKMARK [2][-]{subsection.1.3.4}{Input e Output delle Transazioni}{section.1.3}% 15
\BOOKMARK [1][-]{section.1.4}{Grafo delle transazioni}{chapter.1}% 16
\BOOKMARK [0][-]{chapter.2}{I comportamenti automatici}{}% 17
\BOOKMARK [1][-]{section.2.1}{Anonimia delle transazioni}{chapter.2}% 18
\BOOKMARK [1][-]{section.2.2}{Bitcoin Mixing}{chapter.2}% 19
\BOOKMARK [2][-]{subsection.2.2.1}{Mixing nel dettaglio}{section.2.2}% 20
\BOOKMARK [2][-]{subsection.2.2.2}{Tor}{section.2.2}% 21
\BOOKMARK [0][-]{chapter.3}{Analisi sul grafo delle transazioni}{}% 22
\BOOKMARK [1][-]{section.3.1}{Lunghe catene di transazioni}{chapter.3}% 23
\BOOKMARK [0][-]{chapter.4}{Approccio utilizzato}{}% 24
\BOOKMARK [0][-]{chapter.5}{Sperimentazione \046 Risultati}{}% 25
\BOOKMARK [0][-]{chapter*.27}{Conclusioni e sviluppi futuri}{}% 26
\BOOKMARK [0][-]{section*.29}{Bibliografia}{}% 27
